<?xml version="1.0" encoding="UTF-8"?>
<testsuite xmlns:xsi="http://www.w3.org/2001/XMLSchema-instance" xsi:noNamespaceSchemaLocation="https://maven.apache.org/surefire/maven-surefire-plugin/xsd/surefire-test-report.xsd" name="is.hi.hbv202g.finalassignment.LibrarySystemSingletonTest" time="0" tests="9" errors="0" skipped="0" failures="0">
  <properties>
[...]
</properties>
  <testcase name="testLibrarySystemAddFacultyMemberUser" classname="is.hi.hbv202g.finalassignment.LibrarySystemSingletonTest" time="0"/>
  <testcase name="testLibrarySystemFindBookByTitle" classname="is.hi.hbv202g.finalassignment.LibrarySystemSingletonTest" time="0"/>
  <testcase name="testLibrarySystemAddStudentUser" classname="is.hi.hbv202g.finalassignment.LibrarySystemSingletonTest" time="0"/>
  <testcase name="testLibrarySystemAddBookWithTitleAndAuthorList" classname="is.hi.hbv202g.finalassignment.LibrarySystemSingletonTest" time="0"/>
  <testcase name="testLibrarySystemFindUserByName" classname="is.hi.hbv202g.finalassignment.LibrarySystemSingletonTest" time="0"/>
  <testcase name="testLibrarySystemExtendLending" classname="is.hi.hbv202g.finalassignment.LibrarySystemSingletonTest" time="0"/>
  <testcase name="testLibrarySystemThrowUserOrBookDoesNotExistException" classname="is.hi.hbv202g.finalassignment.LibrarySystemSingletonTest" time="0"/>
  <testcase name="testLibrarySystemReturnBook" classname="is.hi.hbv202g.finalassignment.LibrarySystemSingletonTest" time="0"/>
  <testcase name="testLibrarySystemBorrowBook" classname="is.hi.hbv202g.finalassignment.LibrarySystemSingletonTest" time="0"/>
</testsuite>